2020-09-24 11:19:42,663 [main] INFO  [org.apdplat.word.segmentation.SegmentationFactory] - 构造分词实现类：org.apdplat.word.segmentation.impl.MaxNgramScore
2020-09-24 11:19:42,667 [main] INFO  [org.apdplat.word.util.WordConfTools] - 开始加载配置文件
2020-09-24 11:19:42,668 [main] INFO  [org.apdplat.word.util.WordConfTools] - 加载配置文件：word.conf
2020-09-24 11:19:42,668 [main] INFO  [org.apdplat.word.util.WordConfTools] - 未找到配置文件：word.local.conf
2020-09-24 11:19:42,668 [main] INFO  [org.apdplat.word.util.WordConfTools] - 配置文件加载完毕，耗时1 毫秒，配置项数目：33
2020-09-24 11:19:42,668 [main] INFO  [org.apdplat.word.util.WordConfTools] - 配置信息：
2020-09-24 11:19:42,703 [main] INFO  [org.apdplat.word.util.WordConfTools] - 1、auto.detect=true
2020-09-24 11:19:42,703 [main] INFO  [org.apdplat.word.util.WordConfTools] - 2、bigram.double.array.trie.size=5300000
2020-09-24 11:19:42,703 [main] INFO  [org.apdplat.word.util.WordConfTools] - 3、bigram.path=classpath:bigram.txt
2020-09-24 11:19:42,703 [main] INFO  [org.apdplat.word.util.WordConfTools] - 4、dic.class=org.apdplat.word.dictionary.impl.DoubleArrayDictionaryTrie
2020-09-24 11:19:42,703 [main] INFO  [org.apdplat.word.util.WordConfTools] - 5、dic.dump.path=
2020-09-24 11:19:42,703 [main] INFO  [org.apdplat.word.util.WordConfTools] - 6、dic.path=classpath:dic.txt
2020-09-24 11:19:42,703 [main] INFO  [org.apdplat.word.util.WordConfTools] - 7、dictionary.trie.index.size=24000
2020-09-24 11:19:42,703 [main] INFO  [org.apdplat.word.util.WordConfTools] - 8、double.array.dictionary.trie.size=2600000
2020-09-24 11:19:42,703 [main] INFO  [org.apdplat.word.util.WordConfTools] - 9、intercept.length=16
2020-09-24 11:19:42,703 [main] INFO  [org.apdplat.word.util.WordConfTools] - 10、keep.punctuation=false
2020-09-24 11:19:42,703 [main] INFO  [org.apdplat.word.util.WordConfTools] - 11、keep.whitespace=false
2020-09-24 11:19:42,703 [main] INFO  [org.apdplat.word.util.WordConfTools] - 12、ngram=bigram
2020-09-24 11:19:42,703 [main] INFO  [org.apdplat.word.util.WordConfTools] - 13、parallel.seg=true
2020-09-24 11:19:42,703 [main] INFO  [org.apdplat.word.util.WordConfTools] - 14、part.of.speech.des.path=classpath:part_of_speech_des.txt
2020-09-24 11:19:42,703 [main] INFO  [org.apdplat.word.util.WordConfTools] - 15、part.of.speech.dic.path=classpath:part_of_speech_dic.txt
2020-09-24 11:19:42,703 [main] INFO  [org.apdplat.word.util.WordConfTools] - 16、person.name.recognize=true
2020-09-24 11:19:42,703 [main] INFO  [org.apdplat.word.util.WordConfTools] - 17、punctuation.path=classpath:punctuation.txt
2020-09-24 11:19:42,703 [main] INFO  [org.apdplat.word.util.WordConfTools] - 18、quantifier.path=classpath:quantifier.txt
2020-09-24 11:19:42,703 [main] INFO  [org.apdplat.word.util.WordConfTools] - 19、recognition.tool.enabled=true
2020-09-24 11:19:42,703 [main] INFO  [org.apdplat.word.util.WordConfTools] - 20、redis.host=localhost
2020-09-24 11:19:42,703 [main] INFO  [org.apdplat.word.util.WordConfTools] - 21、redis.port=6379
2020-09-24 11:19:42,703 [main] INFO  [org.apdplat.word.util.WordConfTools] - 22、stopwords.path=classpath:stopwords.txt
2020-09-24 11:19:42,703 [main] INFO  [org.apdplat.word.util.WordConfTools] - 23、surname.path=classpath:surname.txt
2020-09-24 11:19:42,704 [main] INFO  [org.apdplat.word.util.WordConfTools] - 24、tagging.antonym=false
2020-09-24 11:19:42,704 [main] INFO  [org.apdplat.word.util.WordConfTools] - 25、tagging.pinyin.acronym=false
2020-09-24 11:19:42,704 [main] INFO  [org.apdplat.word.util.WordConfTools] - 26、tagging.pinyin.full=false
2020-09-24 11:19:42,704 [main] INFO  [org.apdplat.word.util.WordConfTools] - 27、tagging.synonym=false
2020-09-24 11:19:42,704 [main] INFO  [org.apdplat.word.util.WordConfTools] - 28、trigram.double.array.trie.size=9800000
2020-09-24 11:19:42,704 [main] INFO  [org.apdplat.word.util.WordConfTools] - 29、trigram.path=classpath:trigram.txt
2020-09-24 11:19:42,704 [main] INFO  [org.apdplat.word.util.WordConfTools] - 30、word.antonym.path=classpath:word_antonym.txt
2020-09-24 11:19:42,704 [main] INFO  [org.apdplat.word.util.WordConfTools] - 31、word.refine.combine.max.length=3
2020-09-24 11:19:42,704 [main] INFO  [org.apdplat.word.util.WordConfTools] - 32、word.refine.path=classpath:word_refine.txt
2020-09-24 11:19:42,704 [main] INFO  [org.apdplat.word.util.WordConfTools] - 33、word.synonym.path=classpath:word_synonym.txt
2020-09-24 11:19:42,705 [main] INFO  [org.apdplat.word.dictionary.DictionaryFactory] - dic.class=org.apdplat.word.dictionary.impl.DoubleArrayDictionaryTrie
2020-09-24 11:19:42,706 [main] INFO  [org.apdplat.word.dictionary.impl.DoubleArrayDictionaryTrie] - 初始化词典：org.apdplat.word.dictionary.impl.DoubleArrayDictionaryTrie
2020-09-24 11:19:42,707 [main] INFO  [org.apdplat.word.util.AutoDetector] - 开始加载资源
2020-09-24 11:19:42,707 [main] INFO  [org.apdplat.word.util.AutoDetector] - classpath:dic.txt,classpath:punctuation.txt,classpath:part_of_speech_dic.txt,classpath:word_synonym.txt,classpath:word_antonym.txt
2020-09-24 11:19:42,707 [main] INFO  [org.apdplat.word.util.AutoDetector] - 类路径资源：dic.txt
2020-09-24 11:19:42,707 [main] INFO  [org.apdplat.word.util.AutoDetector] - 类路径资源URL：jar:file:/home/mortal/lib/word/word-1.3.jar!/dic.txt
2020-09-24 11:19:42,708 [main] INFO  [org.apdplat.word.util.AutoDetector] - 加载资源：classpath:dic.txt
2020-09-24 11:19:42,853 [main] INFO  [org.apdplat.word.util.AutoDetector] - 类路径资源：punctuation.txt
2020-09-24 11:19:42,854 [main] INFO  [org.apdplat.word.util.AutoDetector] - 类路径资源URL：jar:file:/home/mortal/lib/word/word-1.3.jar!/punctuation.txt
2020-09-24 11:19:42,854 [main] INFO  [org.apdplat.word.util.AutoDetector] - 加载资源：classpath:punctuation.txt
2020-09-24 11:19:42,855 [main] INFO  [org.apdplat.word.util.AutoDetector] - 类路径资源：part_of_speech_dic.txt
2020-09-24 11:19:42,855 [main] INFO  [org.apdplat.word.util.AutoDetector] - 类路径资源URL：jar:file:/home/mortal/lib/word/word-1.3.jar!/part_of_speech_dic.txt
2020-09-24 11:19:42,855 [main] INFO  [org.apdplat.word.util.AutoDetector] - 加载资源：classpath:part_of_speech_dic.txt
2020-09-24 11:19:42,996 [main] INFO  [org.apdplat.word.util.AutoDetector] - 类路径资源：word_synonym.txt
2020-09-24 11:19:42,997 [main] INFO  [org.apdplat.word.util.AutoDetector] - 类路径资源URL：jar:file:/home/mortal/lib/word/word-1.3.jar!/word_synonym.txt
2020-09-24 11:19:42,997 [main] INFO  [org.apdplat.word.util.AutoDetector] - 加载资源：classpath:word_synonym.txt
2020-09-24 11:19:43,003 [main] INFO  [org.apdplat.word.util.AutoDetector] - 类路径资源：word_antonym.txt
2020-09-24 11:19:43,003 [main] INFO  [org.apdplat.word.util.AutoDetector] - 类路径资源URL：jar:file:/home/mortal/lib/word/word-1.3.jar!/word_antonym.txt
2020-09-24 11:19:43,003 [main] INFO  [org.apdplat.word.util.AutoDetector] - 加载资源：classpath:word_antonym.txt
2020-09-24 11:19:43,006 [main] INFO  [org.apdplat.word.util.AutoDetector] - 加载资源 1091310 行
2020-09-24 11:19:43,006 [main] INFO  [org.apdplat.word.dictionary.DictionaryFactory] - 初始化词典
2020-09-24 11:19:43,007 [main] INFO  [org.apdplat.word.util.AutoDetector] - 开始加载资源
2020-09-24 11:19:43,007 [main] INFO  [org.apdplat.word.util.AutoDetector] - classpath:surname.txt
2020-09-24 11:19:43,007 [main] INFO  [org.apdplat.word.util.AutoDetector] - 类路径资源：surname.txt
2020-09-24 11:19:43,007 [main] INFO  [org.apdplat.word.util.AutoDetector] - 类路径资源URL：jar:file:/home/mortal/lib/word/word-1.3.jar!/surname.txt
2020-09-24 11:19:43,008 [main] INFO  [org.apdplat.word.util.AutoDetector] - 加载资源：classpath:surname.txt
2020-09-24 11:19:43,008 [main] INFO  [org.apdplat.word.util.AutoDetector] - 加载资源 508 行
2020-09-24 11:19:43,008 [main] INFO  [org.apdplat.word.recognition.PersonName] - 初始化百家姓
2020-09-24 11:19:43,009 [main] INFO  [org.apdplat.word.recognition.PersonName] - 百家姓初始化完毕，单姓个数：446，复姓个数：60
2020-09-24 11:19:43,010 [main] INFO  [org.apdplat.word.util.AutoDetector] - 完成加载资源，耗时3 毫秒
2020-09-24 11:19:43,011 [main] INFO  [org.apdplat.word.dictionary.DictionaryFactory] - 将 60 个复姓加入词典
2020-09-24 11:19:55,727 [main] INFO  [org.apdplat.word.dictionary.DictionaryFactory] - 词数目：677844，词典最大词长：16
2020-09-24 11:19:55,727 [main] INFO  [org.apdplat.word.dictionary.DictionaryFactory] - 词长  1 的词数为：47
2020-09-24 11:19:55,727 [main] INFO  [org.apdplat.word.dictionary.DictionaryFactory] - 词长  2 的词数为：213334
2020-09-24 11:19:55,727 [main] INFO  [org.apdplat.word.dictionary.DictionaryFactory] - 词长  3 的词数为：289749
2020-09-24 11:19:55,727 [main] INFO  [org.apdplat.word.dictionary.DictionaryFactory] - 词长  4 的词数为：158964
2020-09-24 11:19:55,727 [main] INFO  [org.apdplat.word.dictionary.DictionaryFactory] - 词长  5 的词数为：6139
2020-09-24 11:19:55,727 [main] INFO  [org.apdplat.word.dictionary.DictionaryFactory] - 词长  6 的词数为：3746
2020-09-24 11:19:55,727 [main] INFO  [org.apdplat.word.dictionary.DictionaryFactory] - 词长  7 的词数为：2205
2020-09-24 11:19:55,727 [main] INFO  [org.apdplat.word.dictionary.DictionaryFactory] - 词长  8 的词数为：1321
2020-09-24 11:19:55,727 [main] INFO  [org.apdplat.word.dictionary.DictionaryFactory] - 词长  9 的词数为：797
2020-09-24 11:19:55,727 [main] INFO  [org.apdplat.word.dictionary.DictionaryFactory] - 词长 10 的词数为：632
2020-09-24 11:19:55,727 [main] INFO  [org.apdplat.word.dictionary.DictionaryFactory] - 词长 11 的词数为：312
2020-09-24 11:19:55,727 [main] INFO  [org.apdplat.word.dictionary.DictionaryFactory] - 词长 12 的词数为：282
2020-09-24 11:19:55,728 [main] INFO  [org.apdplat.word.dictionary.DictionaryFactory] - 词长 13 的词数为：124
2020-09-24 11:19:55,728 [main] INFO  [org.apdplat.word.dictionary.DictionaryFactory] - 词长 14 的词数为：116
2020-09-24 11:19:55,728 [main] INFO  [org.apdplat.word.dictionary.DictionaryFactory] - 词长 15 的词数为：51
2020-09-24 11:19:55,728 [main] INFO  [org.apdplat.word.dictionary.DictionaryFactory] - 词长 16 的词数为：25
2020-09-24 11:19:55,730 [main] INFO  [org.apdplat.word.dictionary.DictionaryFactory] - 词典平均词长：3.0032012
2020-09-24 11:19:56,055 [main] INFO  [org.apdplat.word.dictionary.DictionaryFactory] - 词典初始化完毕，耗时：13049 毫秒
2020-09-24 11:19:56,055 [main] INFO  [org.apdplat.word.util.AutoDetector] - 完成加载资源，耗时13348 毫秒
2020-09-24 11:19:56,056 [main] INFO  [org.apdplat.word.util.AutoDetector] - 开始加载资源
2020-09-24 11:19:56,056 [main] INFO  [org.apdplat.word.util.AutoDetector] - classpath:punctuation.txt
2020-09-24 11:19:56,056 [main] INFO  [org.apdplat.word.util.AutoDetector] - 类路径资源：punctuation.txt
2020-09-24 11:19:56,056 [main] INFO  [org.apdplat.word.util.AutoDetector] - 类路径资源URL：jar:file:/home/mortal/lib/word/word-1.3.jar!/punctuation.txt
2020-09-24 11:19:56,056 [main] INFO  [org.apdplat.word.util.AutoDetector] - 加载资源：classpath:punctuation.txt
2020-09-24 11:19:56,057 [main] INFO  [org.apdplat.word.util.AutoDetector] - 加载资源 48 行
2020-09-24 11:19:56,057 [main] INFO  [org.apdplat.word.recognition.Punctuation] - 初始化标点符号
2020-09-24 11:19:56,057 [main] INFO  [org.apdplat.word.recognition.Punctuation] - 标点符号初始化完毕，标点符号个数：52
2020-09-24 11:19:56,057 [main] INFO  [org.apdplat.word.util.AutoDetector] - 完成加载资源，耗时1 毫秒
2020-09-24 11:19:56,062 [ForkJoinPool.commonPool-worker-4] INFO  [org.apdplat.word.util.AutoDetector] - 开始加载资源
2020-09-24 11:19:56,062 [ForkJoinPool.commonPool-worker-4] INFO  [org.apdplat.word.util.AutoDetector] - classpath:quantifier.txt
2020-09-24 11:19:56,062 [ForkJoinPool.commonPool-worker-4] INFO  [org.apdplat.word.util.AutoDetector] - 类路径资源：quantifier.txt
2020-09-24 11:19:56,062 [ForkJoinPool.commonPool-worker-4] INFO  [org.apdplat.word.util.AutoDetector] - 类路径资源URL：jar:file:/home/mortal/lib/word/word-1.3.jar!/quantifier.txt
2020-09-24 11:19:56,062 [ForkJoinPool.commonPool-worker-4] INFO  [org.apdplat.word.util.AutoDetector] - 加载资源：classpath:quantifier.txt
2020-09-24 11:19:56,062 [ForkJoinPool.commonPool-worker-4] INFO  [org.apdplat.word.util.AutoDetector] - 加载资源 164 行
2020-09-24 11:19:56,062 [ForkJoinPool.commonPool-worker-4] INFO  [org.apdplat.word.recognition.Quantifier] - 初始化数量词
2020-09-24 11:19:56,063 [ForkJoinPool.commonPool-worker-4] INFO  [org.apdplat.word.recognition.Quantifier] - 数量词初始化完毕，数量词个数：164
2020-09-24 11:19:56,063 [ForkJoinPool.commonPool-worker-4] INFO  [org.apdplat.word.util.AutoDetector] - 完成加载资源，耗时1 毫秒
2020-09-24 11:19:56,065 [main] INFO  [org.apdplat.word.util.AutoDetector] - 开始加载资源
2020-09-24 11:19:56,065 [main] INFO  [org.apdplat.word.util.AutoDetector] - classpath:bigram.txt
2020-09-24 11:19:56,065 [main] INFO  [org.apdplat.word.util.AutoDetector] - 类路径资源：bigram.txt
2020-09-24 11:19:56,065 [main] INFO  [org.apdplat.word.util.AutoDetector] - 类路径资源URL：jar:file:/home/mortal/lib/word/word-1.3.jar!/bigram.txt
2020-09-24 11:19:56,065 [main] INFO  [org.apdplat.word.util.AutoDetector] - 加载资源：classpath:bigram.txt
2020-09-24 11:19:56,365 [main] INFO  [org.apdplat.word.util.AutoDetector] - 加载资源 1519443 行
2020-09-24 11:19:56,365 [main] INFO  [org.apdplat.word.corpus.Bigram] - 初始化bigram
2020-09-24 11:20:25,412 [main] INFO  [org.apdplat.word.segmentation.SegmentationFactory] - 构造分词实现类：org.apdplat.word.segmentation.impl.MaxNgramScore
2020-09-24 11:20:25,417 [main] INFO  [org.apdplat.word.util.WordConfTools] - 开始加载配置文件
2020-09-24 11:20:25,418 [main] INFO  [org.apdplat.word.util.WordConfTools] - 加载配置文件：word.conf
2020-09-24 11:20:25,419 [main] INFO  [org.apdplat.word.util.WordConfTools] - 未找到配置文件：word.local.conf
2020-09-24 11:20:25,419 [main] INFO  [org.apdplat.word.util.WordConfTools] - 配置文件加载完毕，耗时2 毫秒，配置项数目：33
2020-09-24 11:20:25,419 [main] INFO  [org.apdplat.word.util.WordConfTools] - 配置信息：
2020-09-24 11:20:25,465 [main] INFO  [org.apdplat.word.util.WordConfTools] - 1、auto.detect=true
2020-09-24 11:20:25,465 [main] INFO  [org.apdplat.word.util.WordConfTools] - 2、bigram.double.array.trie.size=5300000
2020-09-24 11:20:25,465 [main] INFO  [org.apdplat.word.util.WordConfTools] - 3、bigram.path=classpath:bigram.txt
2020-09-24 11:20:25,465 [main] INFO  [org.apdplat.word.util.WordConfTools] - 4、dic.class=org.apdplat.word.dictionary.impl.DoubleArrayDictionaryTrie
2020-09-24 11:20:25,465 [main] INFO  [org.apdplat.word.util.WordConfTools] - 5、dic.dump.path=
2020-09-24 11:20:25,466 [main] INFO  [org.apdplat.word.util.WordConfTools] - 6、dic.path=classpath:dic.txt
2020-09-24 11:20:25,466 [main] INFO  [org.apdplat.word.util.WordConfTools] - 7、dictionary.trie.index.size=24000
2020-09-24 11:20:25,466 [main] INFO  [org.apdplat.word.util.WordConfTools] - 8、double.array.dictionary.trie.size=2600000
2020-09-24 11:20:25,466 [main] INFO  [org.apdplat.word.util.WordConfTools] - 9、intercept.length=16
2020-09-24 11:20:25,466 [main] INFO  [org.apdplat.word.util.WordConfTools] - 10、keep.punctuation=false
2020-09-24 11:20:25,466 [main] INFO  [org.apdplat.word.util.WordConfTools] - 11、keep.whitespace=false
2020-09-24 11:20:25,466 [main] INFO  [org.apdplat.word.util.WordConfTools] - 12、ngram=bigram
2020-09-24 11:20:25,466 [main] INFO  [org.apdplat.word.util.WordConfTools] - 13、parallel.seg=true
2020-09-24 11:20:25,466 [main] INFO  [org.apdplat.word.util.WordConfTools] - 14、part.of.speech.des.path=classpath:part_of_speech_des.txt
2020-09-24 11:20:25,466 [main] INFO  [org.apdplat.word.util.WordConfTools] - 15、part.of.speech.dic.path=classpath:part_of_speech_dic.txt
2020-09-24 11:20:25,466 [main] INFO  [org.apdplat.word.util.WordConfTools] - 16、person.name.recognize=true
2020-09-24 11:20:25,466 [main] INFO  [org.apdplat.word.util.WordConfTools] - 17、punctuation.path=classpath:punctuation.txt
2020-09-24 11:20:25,466 [main] INFO  [org.apdplat.word.util.WordConfTools] - 18、quantifier.path=classpath:quantifier.txt
2020-09-24 11:20:25,466 [main] INFO  [org.apdplat.word.util.WordConfTools] - 19、recognition.tool.enabled=true
2020-09-24 11:20:25,466 [main] INFO  [org.apdplat.word.util.WordConfTools] - 20、redis.host=localhost
2020-09-24 11:20:25,466 [main] INFO  [org.apdplat.word.util.WordConfTools] - 21、redis.port=6379
2020-09-24 11:20:25,466 [main] INFO  [org.apdplat.word.util.WordConfTools] - 22、stopwords.path=classpath:stopwords.txt
2020-09-24 11:20:25,466 [main] INFO  [org.apdplat.word.util.WordConfTools] - 23、surname.path=classpath:surname.txt
2020-09-24 11:20:25,466 [main] INFO  [org.apdplat.word.util.WordConfTools] - 24、tagging.antonym=false
2020-09-24 11:20:25,466 [main] INFO  [org.apdplat.word.util.WordConfTools] - 25、tagging.pinyin.acronym=false
2020-09-24 11:20:25,466 [main] INFO  [org.apdplat.word.util.WordConfTools] - 26、tagging.pinyin.full=false
2020-09-24 11:20:25,466 [main] INFO  [org.apdplat.word.util.WordConfTools] - 27、tagging.synonym=false
2020-09-24 11:20:25,466 [main] INFO  [org.apdplat.word.util.WordConfTools] - 28、trigram.double.array.trie.size=9800000
2020-09-24 11:20:25,466 [main] INFO  [org.apdplat.word.util.WordConfTools] - 29、trigram.path=classpath:trigram.txt
2020-09-24 11:20:25,466 [main] INFO  [org.apdplat.word.util.WordConfTools] - 30、word.antonym.path=classpath:word_antonym.txt
2020-09-24 11:20:25,467 [main] INFO  [org.apdplat.word.util.WordConfTools] - 31、word.refine.combine.max.length=3
2020-09-24 11:20:25,467 [main] INFO  [org.apdplat.word.util.WordConfTools] - 32、word.refine.path=classpath:word_refine.txt
2020-09-24 11:20:25,467 [main] INFO  [org.apdplat.word.util.WordConfTools] - 33、word.synonym.path=classpath:word_synonym.txt
2020-09-24 11:20:25,468 [main] INFO  [org.apdplat.word.dictionary.DictionaryFactory] - dic.class=org.apdplat.word.dictionary.impl.DoubleArrayDictionaryTrie
2020-09-24 11:20:25,469 [main] INFO  [org.apdplat.word.dictionary.impl.DoubleArrayDictionaryTrie] - 初始化词典：org.apdplat.word.dictionary.impl.DoubleArrayDictionaryTrie
2020-09-24 11:20:25,470 [main] INFO  [org.apdplat.word.util.AutoDetector] - 开始加载资源
2020-09-24 11:20:25,470 [main] INFO  [org.apdplat.word.util.AutoDetector] - classpath:dic.txt,classpath:punctuation.txt,classpath:part_of_speech_dic.txt,classpath:word_synonym.txt,classpath:word_antonym.txt
2020-09-24 11:20:25,471 [main] INFO  [org.apdplat.word.util.AutoDetector] - 类路径资源：dic.txt
2020-09-24 11:20:25,471 [main] INFO  [org.apdplat.word.util.AutoDetector] - 类路径资源URL：jar:file:/home/mortal/lib/word/word-1.3.jar!/dic.txt
2020-09-24 11:20:25,471 [main] INFO  [org.apdplat.word.util.AutoDetector] - 加载资源：classpath:dic.txt
2020-09-24 11:20:25,622 [main] INFO  [org.apdplat.word.util.AutoDetector] - 类路径资源：punctuation.txt
2020-09-24 11:20:25,623 [main] INFO  [org.apdplat.word.util.AutoDetector] - 类路径资源URL：jar:file:/home/mortal/lib/word/word-1.3.jar!/punctuation.txt
2020-09-24 11:20:25,623 [main] INFO  [org.apdplat.word.util.AutoDetector] - 加载资源：classpath:punctuation.txt
2020-09-24 11:20:25,624 [main] INFO  [org.apdplat.word.util.AutoDetector] - 类路径资源：part_of_speech_dic.txt
2020-09-24 11:20:25,624 [main] INFO  [org.apdplat.word.util.AutoDetector] - 类路径资源URL：jar:file:/home/mortal/lib/word/word-1.3.jar!/part_of_speech_dic.txt
2020-09-24 11:20:25,624 [main] INFO  [org.apdplat.word.util.AutoDetector] - 加载资源：classpath:part_of_speech_dic.txt
2020-09-24 11:20:25,765 [main] INFO  [org.apdplat.word.util.AutoDetector] - 类路径资源：word_synonym.txt
2020-09-24 11:20:25,765 [main] INFO  [org.apdplat.word.util.AutoDetector] - 类路径资源URL：jar:file:/home/mortal/lib/word/word-1.3.jar!/word_synonym.txt
2020-09-24 11:20:25,765 [main] INFO  [org.apdplat.word.util.AutoDetector] - 加载资源：classpath:word_synonym.txt
2020-09-24 11:20:25,773 [main] INFO  [org.apdplat.word.util.AutoDetector] - 类路径资源：word_antonym.txt
2020-09-24 11:20:25,773 [main] INFO  [org.apdplat.word.util.AutoDetector] - 类路径资源URL：jar:file:/home/mortal/lib/word/word-1.3.jar!/word_antonym.txt
2020-09-24 11:20:25,773 [main] INFO  [org.apdplat.word.util.AutoDetector] - 加载资源：classpath:word_antonym.txt
2020-09-24 11:20:25,777 [main] INFO  [org.apdplat.word.util.AutoDetector] - 加载资源 1091310 行
2020-09-24 11:20:25,777 [main] INFO  [org.apdplat.word.dictionary.DictionaryFactory] - 初始化词典
2020-09-24 11:20:25,778 [main] INFO  [org.apdplat.word.util.AutoDetector] - 开始加载资源
2020-09-24 11:20:25,779 [main] INFO  [org.apdplat.word.util.AutoDetector] - classpath:surname.txt
2020-09-24 11:20:25,779 [main] INFO  [org.apdplat.word.util.AutoDetector] - 类路径资源：surname.txt
2020-09-24 11:20:25,779 [main] INFO  [org.apdplat.word.util.AutoDetector] - 类路径资源URL：jar:file:/home/mortal/lib/word/word-1.3.jar!/surname.txt
2020-09-24 11:20:25,779 [main] INFO  [org.apdplat.word.util.AutoDetector] - 加载资源：classpath:surname.txt
2020-09-24 11:20:25,779 [main] INFO  [org.apdplat.word.util.AutoDetector] - 加载资源 508 行
2020-09-24 11:20:25,779 [main] INFO  [org.apdplat.word.recognition.PersonName] - 初始化百家姓
2020-09-24 11:20:25,780 [main] INFO  [org.apdplat.word.recognition.PersonName] - 百家姓初始化完毕，单姓个数：446，复姓个数：60
2020-09-24 11:20:25,780 [main] INFO  [org.apdplat.word.util.AutoDetector] - 完成加载资源，耗时1 毫秒
2020-09-24 11:20:25,781 [main] INFO  [org.apdplat.word.dictionary.DictionaryFactory] - 将 60 个复姓加入词典
2020-09-24 11:20:37,936 [main] INFO  [org.apdplat.word.dictionary.DictionaryFactory] - 词数目：677844，词典最大词长：16
2020-09-24 11:20:37,936 [main] INFO  [org.apdplat.word.dictionary.DictionaryFactory] - 词长  1 的词数为：47
2020-09-24 11:20:37,936 [main] INFO  [org.apdplat.word.dictionary.DictionaryFactory] - 词长  2 的词数为：213334
2020-09-24 11:20:37,936 [main] INFO  [org.apdplat.word.dictionary.DictionaryFactory] - 词长  3 的词数为：289749
2020-09-24 11:20:37,936 [main] INFO  [org.apdplat.word.dictionary.DictionaryFactory] - 词长  4 的词数为：158964
2020-09-24 11:20:37,936 [main] INFO  [org.apdplat.word.dictionary.DictionaryFactory] - 词长  5 的词数为：6139
2020-09-24 11:20:37,936 [main] INFO  [org.apdplat.word.dictionary.DictionaryFactory] - 词长  6 的词数为：3746
2020-09-24 11:20:37,936 [main] INFO  [org.apdplat.word.dictionary.DictionaryFactory] - 词长  7 的词数为：2205
2020-09-24 11:20:37,936 [main] INFO  [org.apdplat.word.dictionary.DictionaryFactory] - 词长  8 的词数为：1321
2020-09-24 11:20:37,936 [main] INFO  [org.apdplat.word.dictionary.DictionaryFactory] - 词长  9 的词数为：797
2020-09-24 11:20:37,936 [main] INFO  [org.apdplat.word.dictionary.DictionaryFactory] - 词长 10 的词数为：632
2020-09-24 11:20:37,936 [main] INFO  [org.apdplat.word.dictionary.DictionaryFactory] - 词长 11 的词数为：312
2020-09-24 11:20:37,936 [main] INFO  [org.apdplat.word.dictionary.DictionaryFactory] - 词长 12 的词数为：282
2020-09-24 11:20:37,936 [main] INFO  [org.apdplat.word.dictionary.DictionaryFactory] - 词长 13 的词数为：124
2020-09-24 11:20:37,936 [main] INFO  [org.apdplat.word.dictionary.DictionaryFactory] - 词长 14 的词数为：116
2020-09-24 11:20:37,936 [main] INFO  [org.apdplat.word.dictionary.DictionaryFactory] - 词长 15 的词数为：51
2020-09-24 11:20:37,936 [main] INFO  [org.apdplat.word.dictionary.DictionaryFactory] - 词长 16 的词数为：25
2020-09-24 11:20:37,938 [main] INFO  [org.apdplat.word.dictionary.DictionaryFactory] - 词典平均词长：3.0032012
2020-09-24 11:20:38,278 [main] INFO  [org.apdplat.word.dictionary.DictionaryFactory] - 词典初始化完毕，耗时：12501 毫秒
2020-09-24 11:20:38,278 [main] INFO  [org.apdplat.word.util.AutoDetector] - 完成加载资源，耗时12808 毫秒
2020-09-24 11:20:38,279 [main] INFO  [org.apdplat.word.util.AutoDetector] - 开始加载资源
2020-09-24 11:20:38,279 [main] INFO  [org.apdplat.word.util.AutoDetector] - classpath:punctuation.txt
2020-09-24 11:20:38,279 [main] INFO  [org.apdplat.word.util.AutoDetector] - 类路径资源：punctuation.txt
2020-09-24 11:20:38,279 [main] INFO  [org.apdplat.word.util.AutoDetector] - 类路径资源URL：jar:file:/home/mortal/lib/word/word-1.3.jar!/punctuation.txt
2020-09-24 11:20:38,279 [main] INFO  [org.apdplat.word.util.AutoDetector] - 加载资源：classpath:punctuation.txt
2020-09-24 11:20:38,279 [main] INFO  [org.apdplat.word.util.AutoDetector] - 加载资源 48 行
2020-09-24 11:20:38,280 [main] INFO  [org.apdplat.word.recognition.Punctuation] - 初始化标点符号
2020-09-24 11:20:38,280 [main] INFO  [org.apdplat.word.recognition.Punctuation] - 标点符号初始化完毕，标点符号个数：52
2020-09-24 11:20:38,280 [main] INFO  [org.apdplat.word.util.AutoDetector] - 完成加载资源，耗时1 毫秒
2020-09-24 11:20:38,285 [ForkJoinPool.commonPool-worker-1] INFO  [org.apdplat.word.util.AutoDetector] - 开始加载资源
2020-09-24 11:20:38,286 [ForkJoinPool.commonPool-worker-1] INFO  [org.apdplat.word.util.AutoDetector] - classpath:quantifier.txt
2020-09-24 11:20:38,286 [ForkJoinPool.commonPool-worker-1] INFO  [org.apdplat.word.util.AutoDetector] - 类路径资源：quantifier.txt
2020-09-24 11:20:38,286 [ForkJoinPool.commonPool-worker-1] INFO  [org.apdplat.word.util.AutoDetector] - 类路径资源URL：jar:file:/home/mortal/lib/word/word-1.3.jar!/quantifier.txt
2020-09-24 11:20:38,286 [ForkJoinPool.commonPool-worker-1] INFO  [org.apdplat.word.util.AutoDetector] - 加载资源：classpath:quantifier.txt
2020-09-24 11:20:38,286 [ForkJoinPool.commonPool-worker-1] INFO  [org.apdplat.word.util.AutoDetector] - 加载资源 164 行
2020-09-24 11:20:38,286 [ForkJoinPool.commonPool-worker-1] INFO  [org.apdplat.word.recognition.Quantifier] - 初始化数量词
2020-09-24 11:20:38,287 [ForkJoinPool.commonPool-worker-1] INFO  [org.apdplat.word.recognition.Quantifier] - 数量词初始化完毕，数量词个数：164
2020-09-24 11:20:38,287 [ForkJoinPool.commonPool-worker-1] INFO  [org.apdplat.word.util.AutoDetector] - 完成加载资源，耗时1 毫秒
2020-09-24 11:20:38,288 [main] INFO  [org.apdplat.word.util.AutoDetector] - 开始加载资源
2020-09-24 11:20:38,289 [main] INFO  [org.apdplat.word.util.AutoDetector] - classpath:bigram.txt
2020-09-24 11:20:38,289 [main] INFO  [org.apdplat.word.util.AutoDetector] - 类路径资源：bigram.txt
2020-09-24 11:20:38,289 [main] INFO  [org.apdplat.word.util.AutoDetector] - 类路径资源URL：jar:file:/home/mortal/lib/word/word-1.3.jar!/bigram.txt
2020-09-24 11:20:38,289 [main] INFO  [org.apdplat.word.util.AutoDetector] - 加载资源：classpath:bigram.txt
2020-09-24 11:20:38,564 [main] INFO  [org.apdplat.word.util.AutoDetector] - 加载资源 1519443 行
2020-09-24 11:20:38,564 [main] INFO  [org.apdplat.word.corpus.Bigram] - 初始化bigram
2020-09-24 11:21:05,678 [main] INFO  [org.apdplat.word.corpus.Bigram] - bigram初始化完毕，bigram数据条数：1519443
2020-09-24 11:21:05,678 [main] INFO  [org.apdplat.word.util.AutoDetector] - 完成加载资源，耗时27389 毫秒
2020-09-24 11:21:05,682 [main] INFO  [org.apdplat.word.util.AutoDetector] - 开始加载资源
2020-09-24 11:21:05,682 [main] INFO  [org.apdplat.word.util.AutoDetector] - classpath:part_of_speech_des.txt
2020-09-24 11:21:05,682 [main] INFO  [org.apdplat.word.util.AutoDetector] - 类路径资源：part_of_speech_des.txt
2020-09-24 11:21:05,682 [main] INFO  [org.apdplat.word.util.AutoDetector] - 类路径资源URL：jar:file:/home/mortal/lib/word/word-1.3.jar!/part_of_speech_des.txt
2020-09-24 11:21:05,684 [main] INFO  [org.apdplat.word.util.AutoDetector] - 加载资源：classpath:part_of_speech_des.txt
2020-09-24 11:21:05,685 [main] INFO  [org.apdplat.word.util.AutoDetector] - 加载资源 38 行
2020-09-24 11:21:05,685 [main] INFO  [org.apdplat.word.segmentation.PartOfSpeech] - 初始化自定义词性说明
2020-09-24 11:21:05,685 [main] INFO  [org.apdplat.word.segmentation.PartOfSpeech] - 自定义词性说明初始化完毕，数据条数：38
2020-09-24 11:21:05,685 [main] INFO  [org.apdplat.word.util.AutoDetector] - 完成加载资源，耗时3 毫秒
2020-09-24 11:21:05,687 [main] INFO  [org.apdplat.word.util.AutoDetector] - 开始加载资源
2020-09-24 11:21:05,687 [main] INFO  [org.apdplat.word.util.AutoDetector] - classpath:part_of_speech_dic.txt
2020-09-24 11:21:05,687 [main] INFO  [org.apdplat.word.util.AutoDetector] - 类路径资源：part_of_speech_dic.txt
2020-09-24 11:21:05,687 [main] INFO  [org.apdplat.word.util.AutoDetector] - 类路径资源URL：jar:file:/home/mortal/lib/word/word-1.3.jar!/part_of_speech_dic.txt
2020-09-24 11:21:05,687 [main] INFO  [org.apdplat.word.util.AutoDetector] - 加载资源：classpath:part_of_speech_dic.txt
2020-09-24 11:21:05,790 [main] INFO  [org.apdplat.word.util.AutoDetector] - 加载资源 427445 行
2020-09-24 11:21:05,792 [main] INFO  [org.apdplat.word.tagging.PartOfSpeechTagging] - 初始化词性标注器
2020-09-24 11:21:06,341 [main] INFO  [org.apdplat.word.tagging.PartOfSpeechTagging] - 词性标注器初始化完毕，词性数据条数：427445
2020-09-24 11:21:06,341 [main] INFO  [org.apdplat.word.util.AutoDetector] - 完成加载资源，耗时654 毫秒
2020-09-24 11:47:06,740 [main] INFO  [org.apdplat.word.segmentation.SegmentationFactory] - 构造分词实现类：org.apdplat.word.segmentation.impl.MaxNgramScore
2020-09-24 11:47:06,744 [main] INFO  [org.apdplat.word.util.WordConfTools] - 开始加载配置文件
2020-09-24 11:47:06,745 [main] INFO  [org.apdplat.word.util.WordConfTools] - 加载配置文件：word.conf
2020-09-24 11:47:06,746 [main] INFO  [org.apdplat.word.util.WordConfTools] - 加载配置文件：word.local.conf
2020-09-24 11:47:06,746 [main] INFO  [org.apdplat.word.util.WordConfTools] - 配置文件加载完毕，耗时2 毫秒，配置项数目：33
2020-09-24 11:47:06,746 [main] INFO  [org.apdplat.word.util.WordConfTools] - 配置信息：
2020-09-24 11:47:06,787 [main] INFO  [org.apdplat.word.util.WordConfTools] - 1、auto.detect=true
2020-09-24 11:47:06,787 [main] INFO  [org.apdplat.word.util.WordConfTools] - 2、bigram.double.array.trie.size=5300000
2020-09-24 11:47:06,787 [main] INFO  [org.apdplat.word.util.WordConfTools] - 3、bigram.path=classpath:bigram.txt
2020-09-24 11:47:06,787 [main] INFO  [org.apdplat.word.util.WordConfTools] - 4、dic.class=org.apdplat.word.dictionary.impl.DoubleArrayDictionaryTrie
2020-09-24 11:47:06,787 [main] INFO  [org.apdplat.word.util.WordConfTools] - 5、dic.dump.path=
2020-09-24 11:47:06,787 [main] INFO  [org.apdplat.word.util.WordConfTools] - 6、dic.path=classpath:dic.txt
2020-09-24 11:47:06,787 [main] INFO  [org.apdplat.word.util.WordConfTools] - 7、dictionary.trie.index.size=24000
2020-09-24 11:47:06,787 [main] INFO  [org.apdplat.word.util.WordConfTools] - 8、double.array.dictionary.trie.size=2600000
2020-09-24 11:47:06,787 [main] INFO  [org.apdplat.word.util.WordConfTools] - 9、intercept.length=16
2020-09-24 11:47:06,787 [main] INFO  [org.apdplat.word.util.WordConfTools] - 10、keep.punctuation=false
2020-09-24 11:47:06,787 [main] INFO  [org.apdplat.word.util.WordConfTools] - 11、keep.whitespace=false
2020-09-24 11:47:06,787 [main] INFO  [org.apdplat.word.util.WordConfTools] - 12、ngram=bigram
2020-09-24 11:47:06,787 [main] INFO  [org.apdplat.word.util.WordConfTools] - 13、parallel.seg=true
2020-09-24 11:47:06,787 [main] INFO  [org.apdplat.word.util.WordConfTools] - 14、part.of.speech.des.path=classpath:part_of_speech_des.txt
2020-09-24 11:47:06,787 [main] INFO  [org.apdplat.word.util.WordConfTools] - 15、part.of.speech.dic.path=classpath:part_of_speech_dic.txt
2020-09-24 11:47:06,787 [main] INFO  [org.apdplat.word.util.WordConfTools] - 16、person.name.recognize=true
2020-09-24 11:47:06,787 [main] INFO  [org.apdplat.word.util.WordConfTools] - 17、punctuation.path=classpath:punctuation.txt
2020-09-24 11:47:06,787 [main] INFO  [org.apdplat.word.util.WordConfTools] - 18、quantifier.path=classpath:quantifier.txt
2020-09-24 11:47:06,787 [main] INFO  [org.apdplat.word.util.WordConfTools] - 19、recognition.tool.enabled=true
2020-09-24 11:47:06,787 [main] INFO  [org.apdplat.word.util.WordConfTools] - 20、redis.host=localhost
2020-09-24 11:47:06,787 [main] INFO  [org.apdplat.word.util.WordConfTools] - 21、redis.port=6379
2020-09-24 11:47:06,787 [main] INFO  [org.apdplat.word.util.WordConfTools] - 22、stopwords.path=classpath:stopwords.txt
2020-09-24 11:47:06,787 [main] INFO  [org.apdplat.word.util.WordConfTools] - 23、surname.path=classpath:surname.txt
2020-09-24 11:47:06,787 [main] INFO  [org.apdplat.word.util.WordConfTools] - 24、tagging.antonym=false
2020-09-24 11:47:06,787 [main] INFO  [org.apdplat.word.util.WordConfTools] - 25、tagging.pinyin.acronym=false
2020-09-24 11:47:06,787 [main] INFO  [org.apdplat.word.util.WordConfTools] - 26、tagging.pinyin.full=false
2020-09-24 11:47:06,787 [main] INFO  [org.apdplat.word.util.WordConfTools] - 27、tagging.synonym=false
2020-09-24 11:47:06,787 [main] INFO  [org.apdplat.word.util.WordConfTools] - 28、trigram.double.array.trie.size=9800000
2020-09-24 11:47:06,787 [main] INFO  [org.apdplat.word.util.WordConfTools] - 29、trigram.path=classpath:trigram.txt
2020-09-24 11:47:06,787 [main] INFO  [org.apdplat.word.util.WordConfTools] - 30、word.antonym.path=classpath:word_antonym.txt
2020-09-24 11:47:06,788 [main] INFO  [org.apdplat.word.util.WordConfTools] - 31、word.refine.combine.max.length=3
2020-09-24 11:47:06,788 [main] INFO  [org.apdplat.word.util.WordConfTools] - 32、word.refine.path=classpath:word_refine.txt
2020-09-24 11:47:06,788 [main] INFO  [org.apdplat.word.util.WordConfTools] - 33、word.synonym.path=classpath:word_synonym.txt
2020-09-24 11:47:06,789 [main] INFO  [org.apdplat.word.dictionary.DictionaryFactory] - dic.class=org.apdplat.word.dictionary.impl.DoubleArrayDictionaryTrie
2020-09-24 11:47:06,790 [main] INFO  [org.apdplat.word.dictionary.impl.DoubleArrayDictionaryTrie] - 初始化词典：org.apdplat.word.dictionary.impl.DoubleArrayDictionaryTrie
2020-09-24 11:47:06,791 [main] INFO  [org.apdplat.word.util.AutoDetector] - 开始加载资源
2020-09-24 11:47:06,791 [main] INFO  [org.apdplat.word.util.AutoDetector] - classpath:dic.txt,classpath:punctuation.txt,classpath:part_of_speech_dic.txt,classpath:word_synonym.txt,classpath:word_antonym.txt
2020-09-24 11:47:06,791 [main] INFO  [org.apdplat.word.util.AutoDetector] - 类路径资源：dic.txt
2020-09-24 11:47:06,792 [main] INFO  [org.apdplat.word.util.AutoDetector] - 类路径资源URL：jar:file:/home/mortal/lib/word/word-1.3.jar!/dic.txt
2020-09-24 11:47:06,792 [main] INFO  [org.apdplat.word.util.AutoDetector] - 加载资源：classpath:dic.txt
2020-09-24 11:47:06,950 [main] INFO  [org.apdplat.word.util.AutoDetector] - 类路径资源：punctuation.txt
2020-09-24 11:47:06,950 [main] INFO  [org.apdplat.word.util.AutoDetector] - 类路径资源URL：jar:file:/home/mortal/lib/word/word-1.3.jar!/punctuation.txt
2020-09-24 11:47:06,950 [main] INFO  [org.apdplat.word.util.AutoDetector] - 加载资源：classpath:punctuation.txt
2020-09-24 11:47:06,952 [main] INFO  [org.apdplat.word.util.AutoDetector] - 类路径资源：part_of_speech_dic.txt
2020-09-24 11:47:06,952 [main] INFO  [org.apdplat.word.util.AutoDetector] - 类路径资源URL：jar:file:/home/mortal/lib/word/word-1.3.jar!/part_of_speech_dic.txt
2020-09-24 11:47:06,952 [main] INFO  [org.apdplat.word.util.AutoDetector] - 加载资源：classpath:part_of_speech_dic.txt
2020-09-24 11:47:07,099 [main] INFO  [org.apdplat.word.util.AutoDetector] - 类路径资源：word_synonym.txt
2020-09-24 11:47:07,099 [main] INFO  [org.apdplat.word.util.AutoDetector] - 类路径资源URL：jar:file:/home/mortal/lib/word/word-1.3.jar!/word_synonym.txt
2020-09-24 11:47:07,100 [main] INFO  [org.apdplat.word.util.AutoDetector] - 加载资源：classpath:word_synonym.txt
2020-09-24 11:47:07,106 [main] INFO  [org.apdplat.word.util.AutoDetector] - 类路径资源：word_antonym.txt
2020-09-24 11:47:07,106 [main] INFO  [org.apdplat.word.util.AutoDetector] - 类路径资源URL：jar:file:/home/mortal/lib/word/word-1.3.jar!/word_antonym.txt
2020-09-24 11:47:07,106 [main] INFO  [org.apdplat.word.util.AutoDetector] - 加载资源：classpath:word_antonym.txt
2020-09-24 11:47:07,109 [main] INFO  [org.apdplat.word.util.AutoDetector] - 加载资源 1091310 行
2020-09-24 11:47:07,109 [main] INFO  [org.apdplat.word.dictionary.DictionaryFactory] - 初始化词典
2020-09-24 11:47:07,110 [main] INFO  [org.apdplat.word.util.AutoDetector] - 开始加载资源
2020-09-24 11:47:07,111 [main] INFO  [org.apdplat.word.util.AutoDetector] - classpath:surname.txt
2020-09-24 11:47:07,111 [main] INFO  [org.apdplat.word.util.AutoDetector] - 类路径资源：surname.txt
2020-09-24 11:47:07,111 [main] INFO  [org.apdplat.word.util.AutoDetector] - 类路径资源URL：jar:file:/home/mortal/lib/word/word-1.3.jar!/surname.txt
2020-09-24 11:47:07,111 [main] INFO  [org.apdplat.word.util.AutoDetector] - 加载资源：classpath:surname.txt
2020-09-24 11:47:07,111 [main] INFO  [org.apdplat.word.util.AutoDetector] - 加载资源 508 行
2020-09-24 11:47:07,111 [main] INFO  [org.apdplat.word.recognition.PersonName] - 初始化百家姓
2020-09-24 11:47:07,112 [main] INFO  [org.apdplat.word.recognition.PersonName] - 百家姓初始化完毕，单姓个数：446，复姓个数：60
2020-09-24 11:47:07,112 [main] INFO  [org.apdplat.word.util.AutoDetector] - 完成加载资源，耗时1 毫秒
2020-09-24 11:47:07,113 [main] INFO  [org.apdplat.word.dictionary.DictionaryFactory] - 将 60 个复姓加入词典
2020-09-24 11:47:18,774 [main] INFO  [org.apdplat.word.dictionary.DictionaryFactory] - 词数目：677844，词典最大词长：16
2020-09-24 11:47:18,774 [main] INFO  [org.apdplat.word.dictionary.DictionaryFactory] - 词长  1 的词数为：47
2020-09-24 11:47:18,774 [main] INFO  [org.apdplat.word.dictionary.DictionaryFactory] - 词长  2 的词数为：213334
2020-09-24 11:47:18,774 [main] INFO  [org.apdplat.word.dictionary.DictionaryFactory] - 词长  3 的词数为：289749
2020-09-24 11:47:18,774 [main] INFO  [org.apdplat.word.dictionary.DictionaryFactory] - 词长  4 的词数为：158964
2020-09-24 11:47:18,774 [main] INFO  [org.apdplat.word.dictionary.DictionaryFactory] - 词长  5 的词数为：6139
2020-09-24 11:47:18,774 [main] INFO  [org.apdplat.word.dictionary.DictionaryFactory] - 词长  6 的词数为：3746
2020-09-24 11:47:18,774 [main] INFO  [org.apdplat.word.dictionary.DictionaryFactory] - 词长  7 的词数为：2205
2020-09-24 11:47:18,774 [main] INFO  [org.apdplat.word.dictionary.DictionaryFactory] - 词长  8 的词数为：1321
2020-09-24 11:47:18,774 [main] INFO  [org.apdplat.word.dictionary.DictionaryFactory] - 词长  9 的词数为：797
2020-09-24 11:47:18,774 [main] INFO  [org.apdplat.word.dictionary.DictionaryFactory] - 词长 10 的词数为：632
2020-09-24 11:47:18,774 [main] INFO  [org.apdplat.word.dictionary.DictionaryFactory] - 词长 11 的词数为：312
2020-09-24 11:47:18,774 [main] INFO  [org.apdplat.word.dictionary.DictionaryFactory] - 词长 12 的词数为：282
2020-09-24 11:47:18,774 [main] INFO  [org.apdplat.word.dictionary.DictionaryFactory] - 词长 13 的词数为：124
2020-09-24 11:47:18,774 [main] INFO  [org.apdplat.word.dictionary.DictionaryFactory] - 词长 14 的词数为：116
2020-09-24 11:47:18,774 [main] INFO  [org.apdplat.word.dictionary.DictionaryFactory] - 词长 15 的词数为：51
2020-09-24 11:47:18,774 [main] INFO  [org.apdplat.word.dictionary.DictionaryFactory] - 词长 16 的词数为：25
2020-09-24 11:47:18,775 [main] INFO  [org.apdplat.word.dictionary.DictionaryFactory] - 词典平均词长：3.0032012
2020-09-24 11:47:19,104 [main] INFO  [org.apdplat.word.dictionary.DictionaryFactory] - 词典初始化完毕，耗时：11995 毫秒
2020-09-24 11:47:19,104 [main] INFO  [org.apdplat.word.util.AutoDetector] - 完成加载资源，耗时12313 毫秒
2020-09-24 11:47:19,105 [main] INFO  [org.apdplat.word.util.AutoDetector] - 开始加载资源
2020-09-24 11:47:19,105 [main] INFO  [org.apdplat.word.util.AutoDetector] - classpath:punctuation.txt
2020-09-24 11:47:19,105 [main] INFO  [org.apdplat.word.util.AutoDetector] - 类路径资源：punctuation.txt
2020-09-24 11:47:19,105 [main] INFO  [org.apdplat.word.util.AutoDetector] - 类路径资源URL：jar:file:/home/mortal/lib/word/word-1.3.jar!/punctuation.txt
2020-09-24 11:47:19,105 [main] INFO  [org.apdplat.word.util.AutoDetector] - 加载资源：classpath:punctuation.txt
2020-09-24 11:47:19,105 [main] INFO  [org.apdplat.word.util.AutoDetector] - 加载资源 48 行
2020-09-24 11:47:19,105 [main] INFO  [org.apdplat.word.recognition.Punctuation] - 初始化标点符号
2020-09-24 11:47:19,106 [main] INFO  [org.apdplat.word.recognition.Punctuation] - 标点符号初始化完毕，标点符号个数：52
2020-09-24 11:47:19,106 [main] INFO  [org.apdplat.word.util.AutoDetector] - 完成加载资源，耗时1 毫秒
2020-09-24 11:47:19,111 [ForkJoinPool.commonPool-worker-3] INFO  [org.apdplat.word.util.AutoDetector] - 开始加载资源
2020-09-24 11:47:19,111 [ForkJoinPool.commonPool-worker-3] INFO  [org.apdplat.word.util.AutoDetector] - classpath:quantifier.txt
2020-09-24 11:47:19,111 [ForkJoinPool.commonPool-worker-3] INFO  [org.apdplat.word.util.AutoDetector] - 类路径资源：quantifier.txt
2020-09-24 11:47:19,111 [ForkJoinPool.commonPool-worker-3] INFO  [org.apdplat.word.util.AutoDetector] - 类路径资源URL：jar:file:/home/mortal/lib/word/word-1.3.jar!/quantifier.txt
2020-09-24 11:47:19,111 [ForkJoinPool.commonPool-worker-3] INFO  [org.apdplat.word.util.AutoDetector] - 加载资源：classpath:quantifier.txt
2020-09-24 11:47:19,111 [ForkJoinPool.commonPool-worker-3] INFO  [org.apdplat.word.util.AutoDetector] - 加载资源 164 行
2020-09-24 11:47:19,111 [ForkJoinPool.commonPool-worker-3] INFO  [org.apdplat.word.recognition.Quantifier] - 初始化数量词
2020-09-24 11:47:19,112 [ForkJoinPool.commonPool-worker-3] INFO  [org.apdplat.word.recognition.Quantifier] - 数量词初始化完毕，数量词个数：164
2020-09-24 11:47:19,112 [ForkJoinPool.commonPool-worker-3] INFO  [org.apdplat.word.util.AutoDetector] - 完成加载资源，耗时1 毫秒
2020-09-24 11:47:19,114 [main] INFO  [org.apdplat.word.util.AutoDetector] - 开始加载资源
2020-09-24 11:47:19,114 [main] INFO  [org.apdplat.word.util.AutoDetector] - classpath:bigram.txt
2020-09-24 11:47:19,114 [main] INFO  [org.apdplat.word.util.AutoDetector] - 类路径资源：bigram.txt
2020-09-24 11:47:19,114 [main] INFO  [org.apdplat.word.util.AutoDetector] - 类路径资源URL：jar:file:/home/mortal/lib/word/word-1.3.jar!/bigram.txt
2020-09-24 11:47:19,114 [main] INFO  [org.apdplat.word.util.AutoDetector] - 加载资源：classpath:bigram.txt
2020-09-24 11:47:19,400 [main] INFO  [org.apdplat.word.util.AutoDetector] - 加载资源 1519443 行
2020-09-24 11:47:19,400 [main] INFO  [org.apdplat.word.corpus.Bigram] - 初始化bigram
2020-09-24 11:47:46,965 [main] INFO  [org.apdplat.word.corpus.Bigram] - bigram初始化完毕，bigram数据条数：1519443
2020-09-24 11:47:46,965 [main] INFO  [org.apdplat.word.util.AutoDetector] - 完成加载资源，耗时27851 毫秒
